  main.cpp
C:\Program Files\NVIDIA GPU Computing Toolkit\CUDA\v10.2\include\cuda_runtime_api.h(1431,1): warning C4819: 현재 코드 페이지(949)에서 표시할 수 없는 문자가 파일에 들어 있습니다. 데이터가 손실되지 않게 하려면 해당 파일을 유니코드 형식으로 저장하십시오.
C:\Program Files\NVIDIA GPU Computing Toolkit\CUDA\v10.2\include\cuda_runtime_api.h(9349,1): warning C4819: 현재 코드 페이지(949)에서 표시할 수 없는 문자가 파일에 들어 있습니다. 데이터가 손실되지 않게 하려면 해당 파일을 유니코드 형식으로 저장하십시오.
C:\Program Files\NVIDIA GPU Computing Toolkit\CUDA\v10.2\include\cuda_runtime_api.h(1431,1): warning C4819: 현재 코드 페이지(949)에서 표시할 수 없는 문자가 파일에 들어 있습니다. 데이터가 손실되지 않게 하려면 해당 파일을 유니코드 형식으로 저장하십시오.
C:\Program Files\NVIDIA GPU Computing Toolkit\CUDA\v10.2\include\cuda_runtime_api.h(9349,1): warning C4819: 현재 코드 페이지(949)에서 표시할 수 없는 문자가 파일에 들어 있습니다. 데이터가 손실되지 않게 하려면 해당 파일을 유니코드 형식으로 저장하십시오.
C:\Program Files\NVIDIA GPU Computing Toolkit\CUDA\v10.2\include\cuda_runtime_api.h(1431,1): warning C4819: 현재 코드 페이지(949)에서 표시할 수 없는 문자가 파일에 들어 있습니다. 데이터가 손실되지 않게 하려면 해당 파일을 유니코드 형식으로 저장하십시오.
C:\Program Files\NVIDIA GPU Computing Toolkit\CUDA\v10.2\include\cuda_runtime_api.h(9349,1): warning C4819: 현재 코드 페이지(949)에서 표시할 수 없는 문자가 파일에 들어 있습니다. 데이터가 손실되지 않게 하려면 해당 파일을 유니코드 형식으로 저장하십시오.
C:\Program Files\NVIDIA GPU Computing Toolkit\CUDA\v10.2\include\cuda_runtime_api.h(1431,1): warning C4819: 현재 코드 페이지(949)에서 표시할 수 없는 문자가 파일에 들어 있습니다. 데이터가 손실되지 않게 하려면 해당 파일을 유니코드 형식으로 저장하십시오.
C:\Program Files\NVIDIA GPU Computing Toolkit\CUDA\v10.2\include\cuda_runtime_api.h(9349,1): warning C4819: 현재 코드 페이지(949)에서 표시할 수 없는 문자가 파일에 들어 있습니다. 데이터가 손실되지 않게 하려면 해당 파일을 유니코드 형식으로 저장하십시오.
C:\Program Files\NVIDIA GPU Computing Toolkit\CUDA\v10.2\include\cuda.h(2508,1): warning C4819: 현재 코드 페이지(949)에서 표시할 수 없는 문자가 파일에 들어 있습니다. 데이터가 손실되지 않게 하려면 해당 파일을 유니코드 형식으로 저장하십시오.
C:\Program Files\NVIDIA GPU Computing Toolkit\CUDA\v10.2\include\cuda.h(13166,1): warning C4819: 현재 코드 페이지(949)에서 표시할 수 없는 문자가 파일에 들어 있습니다. 데이터가 손실되지 않게 하려면 해당 파일을 유니코드 형식으로 저장하십시오.
C:\OpenCV-3.4-CUDA\include\opencv2\core\cvstd.hpp(575): warning C4793: 'cv::String::String': 함수가 네이티브로 컴파일되었습니다.
  	관리 코드에서 지원되지 않는 내장 함수가 있습니다.
C:\OpenCV-3.4-CUDA\include\opencv2\core\cuda.inl.hpp(105): warning C4793: 'cv::cuda::GpuMat::GpuMat': 함수가 네이티브로 컴파일되었습니다.
  	관리 코드에서 지원되지 않는 내장 함수가 있습니다.
C:\OpenCV-3.4-CUDA\include\opencv2\core\cuda.inl.hpp(395): warning C4793: 'cv::cuda::HostMem::HostMem': 함수가 네이티브로 컴파일되었습니다.
  	관리 코드에서 지원되지 않는 내장 함수가 있습니다.
C:\OpenCV-3.4-CUDA\include\opencv2\core\mat.inl.hpp(561): warning C4793: 'cv::Mat::Mat': 함수가 네이티브로 컴파일되었습니다.
  	관리 코드에서 지원되지 않는 내장 함수가 있습니다.
C:\OpenCV-3.4-CUDA\include\opencv2\core\mat.inl.hpp(885): warning C4793: 'cv::Mat::release': 함수가 네이티브로 컴파일되었습니다.
  	관리 코드에서 지원되지 않는 내장 함수가 있습니다.
C:\OpenCV-3.4-CUDA\include\opencv2\core\mat.inl.hpp(2221): warning C4793: 'cv::SparseMat::addref': 함수가 네이티브로 컴파일되었습니다.
  	관리 코드에서 지원되지 않는 내장 함수가 있습니다.
C:\OpenCV-3.4-CUDA\include\opencv2\core\mat.inl.hpp(3821): warning C4793: 'cv::UMat::addref': 함수가 네이티브로 컴파일되었습니다.
  	관리 코드에서 지원되지 않는 내장 함수가 있습니다.
C:\OpenCV-3.4-CUDA\include\opencv2\core\ptr.inl.hpp(67): warning C4793: 'cv::detail::PtrOwner::incRef': 함수가 네이티브로 컴파일되었습니다.
  	관리 코드에서 지원되지 않는 내장 함수가 있습니다.
C:\OpenCV-3.4-CUDA\include\opencv2\core\ptr.inl.hpp(72): warning C4793: 'cv::detail::PtrOwner::decRef': 함수가 네이티브로 컴파일되었습니다.
  	관리 코드에서 지원되지 않는 내장 함수가 있습니다.
C:\OpenCV-3.4-CUDA\include\opencv2\core\cvstd.hpp(657): warning C4793: 'cv::String::operator=': 함수가 네이티브로 컴파일되었습니다.
  	관리 코드에서 지원되지 않는 내장 함수가 있습니다.
     C:\Users\BONITO\source\repos\FSRCNN-CUDA\x64\Release\FSRCNN-CUDA.lib 라이브러리 및 C:\Users\BONITO\source\repos\FSRCNN-CUDA\x64\Release\FSRCNN-CUDA.exp 개체를 생성하고 있습니다.
  LINK : /LTCG를 지정했지만 코드를 생성할 필요가 없습니다. 명령줄에서 /LTCG를 제거하면 링커 성능이 향상됩니다.
  FSRCNN-CUDA.vcxproj -> C:\Users\BONITO\source\repos\FSRCNN-CUDA\x64\Release\FSRCNN-CUDA.dll
